<?xml version="1.0" encoding="UTF-8"?>
<!-- Generated by org.testng.reporters.JUnitXMLReporter -->
<testsuite ignored="0" hostname="bcd0746442bd.ant.amazon.com" failures="0" tests="4" name="Default test" time="0.106" errors="0" timestamp="2023-03-30T21:30:20 IST">
  <testcase classname="com.w2a.parameters.ExplicitDp" name="testUserReg" time="0.007"/>
  <testcase classname="com.w2a.parameters.ExplicitDp" name="testUserReg" time="0.001"/>
  <testcase classname="com.w2a.parameters.ExplicitDp" name="testlogin" time="0.002"/>
  <testcase classname="com.w2a.parameters.ExplicitDp" name="testlogin" time="0.001"/>
</testsuite> <!-- Default test -->
