<?xml version="1.0" encoding="UTF-8"?>
<!-- Generated by org.testng.reporters.JUnitXMLReporter -->
<testsuite ignored="2" hostname="bcd0746442bd.ant.amazon.com" failures="0" tests="1" name="Default test" time="0.418" errors="0" timestamp="2023-03-29T17:54:39 IST">
  <testcase classname="com.w2a.testcases.LoginTest" name="loginAsBankManager" time="0.365"/>
  <testcase classname="com.w2a.base.TestBase" name="@AfterSuite tearDown" time="0.0">
    <ignored/>
  </testcase> <!-- @AfterSuite tearDown -->
  <testcase classname="com.w2a.base.TestBase" name="@BeforeSuite setUp" time="0.0">
    <ignored/>
  </testcase> <!-- @BeforeSuite setUp -->
</testsuite> <!-- Default test -->
