<?xml version="1.0" encoding="UTF-8"?>
<!-- Generated by org.testng.reporters.JUnitXMLReporter -->
<testsuite ignored="0" hostname="bcd0746442bd.ant.amazon.com" failures="1" tests="4" name="dependency tests" time="0.036" errors="0" timestamp="2023-03-30T14:59:24 IST">
  <testcase classname="com.w2a.rough.DependencyTests" name="dependencyTest1" time="0.005">
    <failure type="java.lang.AssertionError" message="user not registered">
      <![CDATA[java.lang.AssertionError: user not registered
at com.w2a.rough.DependencyTests.dependencyTest1(DependencyTests.java:16)
at java.base/java.util.ArrayList.forEach(ArrayList.java:1511)
... Removed 28 stack frames]]>
    </failure>
  </testcase> <!-- dependencyTest1 -->
  <testcase classname="com.w2a.rough.DependencyTests" name="dependencyTest2" time="0.0">
    <skipped/>
  </testcase> <!-- dependencyTest2 -->
  <testcase classname="com.w2a.rough.DependencyTests" name="dependencyTest3" time="0.004"/>
  <testcase classname="com.w2a.rough.DependencyTests" name="dependencyTest4" time="0.0">
    <skipped/>
  </testcase> <!-- dependencyTest4 -->
</testsuite> <!-- dependency tests -->
