<?xml version="1.0" encoding="UTF-8"?>
<testng-results ignored="2" total="3" passed="1" failed="0" skipped="0">
  <reporter-output>
  </reporter-output>
  <suite started-at="2023-03-29T17:54:38 IST" name="Default suite" finished-at="2023-03-29T17:54:39 IST" duration-ms="418">
    <groups>
    </groups>
    <test started-at="2023-03-29T17:54:38 IST" name="Default test" finished-at="2023-03-29T17:54:39 IST" duration-ms="418">
      <class name="com.w2a.testcases.LoginTest">
        <test-method is-config="true" signature="setUp()[pri:0, instance:com.w2a.testcases.LoginTest@c267ef4]" started-at="2023-03-29T17:54:30 IST" name="setUp" finished-at="2023-03-29T17:54:38 IST" duration-ms="8417" status="PASS">
          <reporter-output>
          </reporter-output>
        </test-method> <!-- setUp -->
        <test-method signature="loginAsBankManager()[pri:0, instance:com.w2a.testcases.LoginTest@c267ef4]" started-at="2023-03-29T17:54:38 IST" name="loginAsBankManager" finished-at="2023-03-29T17:54:39 IST" duration-ms="365" status="PASS">
          <reporter-output>
          </reporter-output>
        </test-method> <!-- loginAsBankManager -->
        <test-method is-config="true" signature="tearDown()[pri:0, instance:com.w2a.testcases.LoginTest@c267ef4]" started-at="2023-03-29T17:54:39 IST" name="tearDown" finished-at="2023-03-29T17:54:39 IST" duration-ms="106" status="PASS">
          <reporter-output>
          </reporter-output>
        </test-method> <!-- tearDown -->
      </class> <!-- com.w2a.testcases.LoginTest -->
    </test> <!-- Default test -->
  </suite> <!-- Default suite -->
</testng-results>
